{
    "service": {
        "serviceArn": "arn:aws:ecs:eu-west-2:702193001748:service/POLLSTER-CLUSTER/pollster",
        "serviceName": "pollster",
        "clusterArn": "arn:aws:ecs:eu-west-2:702193001748:cluster/POLLSTER-CLUSTER",
        "loadBalancers": [
            {
                "targetGroupArn": "arn:aws:elasticloadbalancing:eu-west-2:702193001748:targetgroup/POLLSTER-TG2/e08c971eae8d52e2",
                "containerName": "pollster",
                "containerPort": 8000
            }
        ],
        "serviceRegistries": [],
        "status": "ACTIVE",
        "desiredCount": 1,
        "runningCount": 0,
        "pendingCount": 1,
        "launchType": "EC2",
        "taskDefinition": "arn:aws:ecs:eu-west-2:702193001748:task-definition/pollster-task:24",
        "deploymentConfiguration": {
            "maximumPercent": 200,
            "minimumHealthyPercent": 100
        },
        "deployments": [
            {
                "id": "ecs-svc/3168757147706435199",
                "status": "PRIMARY",
                "taskDefinition": "arn:aws:ecs:eu-west-2:702193001748:task-definition/pollster-task:24",
                "desiredCount": 1,
                "pendingCount": 0,
                "runningCount": 0,
                "createdAt": "2021-01-04T14:36:19.638000+00:00",
                "updatedAt": "2021-01-04T14:36:19.638000+00:00",
                "launchType": "EC2"
            },
            {
                "id": "ecs-svc/2423697940101110819",
                "status": "ACTIVE",
                "taskDefinition": "arn:aws:ecs:eu-west-2:702193001748:task-definition/pollster-task:24",
                "desiredCount": 1,
                "pendingCount": 1,
                "runningCount": 0,
                "createdAt": "2021-01-04T12:23:14.830000+00:00",
                "updatedAt": "2021-01-04T12:23:14.830000+00:00",
                "launchType": "EC2"
            }
        ],
        "roleArn": "arn:aws:iam::702193001748:role/ecsServiceRole",
        "events": [
            {
                "id": "6eecc0d2-ec13-4e11-8d8e-bc0a31fb6802",
                "createdAt": "2021-01-04T14:35:18.299000+00:00",
                "message": "(service pollster) has started 1 tasks: (task adb93b9fc0ba465d98469efb8a87b941)."
            },
            {
                "id": "faa87f3e-1f5c-4104-8607-be2008c503ee",
                "createdAt": "2021-01-04T14:35:08.470000+00:00",
                "message": "(service pollster) has stopped 1 running tasks: (task 1b7cd80e49ce4909bd0500b919cfbc6a)."
            },
            {
                "id": "2ba3ddb8-24a7-4b0f-9483-2e2f88b4ce74",
                "createdAt": "2021-01-04T14:35:08.445000+00:00",
                "message": "(service pollster) deregistered 1 targets in (target-group arn:aws:elasticloadbalancing:eu-west-2:702193001748:targetgroup/POLLSTER-TG2/e08c971eae8d52e2)"
            },
            {
                "id": "6a872281-3461-4a0f-aa66-b96eb7c48b87",
                "createdAt": "2021-01-04T14:35:08.425000+00:00",
                "message": "(service pollster) (instance i-079fde9615085cb97) (port 44769) is unhealthy in (target-group arn:aws:elasticloadbalancing:eu-west-2:702193001748:targetgroup/POLLSTER-TG2/e08c971eae8d52e2) due to (reason Health checks failed with these codes: [302])"
            },
            {
                "id": "1a461faa-c12c-4a3e-af6b-61d56f775cb6",
                "createdAt": "2021-01-04T14:32:44.774000+00:00",
                "message": "(service pollster) registered 1 targets in (target-group arn:aws:elasticloadbalancing:eu-west-2:702193001748:targetgroup/POLLSTER-TG2/e08c971eae8d52e2)"
            },
            {
                "id": "3acb5c9c-fe69-4870-9280-018c2edafb2b",
                "createdAt": "2021-01-04T14:26:44.577000+00:00",
                "message": "(service pollster) has started 1 tasks: (task 1b7cd80e49ce4909bd0500b919cfbc6a)."
            },
            {
                "id": "68a59b10-a243-44f1-a821-7935cd00796f",
                "createdAt": "2021-01-04T14:26:35.234000+00:00",
                "message": "(service pollster) has stopped 1 running tasks: (task 0d099a7a243e44559bf0cc3f609a1cde)."
            },
            {
                "id": "1ec3037c-0dfc-41d6-b237-3773d1e54c88",
                "createdAt": "2021-01-04T14:26:35.212000+00:00",
                "message": "(service pollster) deregistered 1 targets in (target-group arn:aws:elasticloadbalancing:eu-west-2:702193001748:targetgroup/POLLSTER-TG2/e08c971eae8d52e2)"
            },
            {
                "id": "82e633b0-d851-4adf-92e0-d5597157751c",
                "createdAt": "2021-01-04T14:26:35.195000+00:00",
                "message": "(service pollster) (instance i-079fde9615085cb97) (port 44768) is unhealthy in (target-group arn:aws:elasticloadbalancing:eu-west-2:702193001748:targetgroup/POLLSTER-TG2/e08c971eae8d52e2) due to (reason Health checks failed with these codes: [302])"
            },
            {
                "id": "1d06942f-999a-42ce-9e4b-c24b44c9fa1f",
                "createdAt": "2021-01-04T14:24:08.663000+00:00",
                "message": "(service pollster) registered 1 targets in (target-group arn:aws:elasticloadbalancing:eu-west-2:702193001748:targetgroup/POLLSTER-TG2/e08c971eae8d52e2)"
            },
            {
                "id": "8cc17bd6-713f-4e99-90ba-0743571708dc",
                "createdAt": "2021-01-04T14:17:39.124000+00:00",
                "message": "(service pollster) has started 1 tasks: (task 0d099a7a243e44559bf0cc3f609a1cde)."
            },
            {
                "id": "ceea4f41-9569-4f2c-9d62-5220d4dbf25f",
                "createdAt": "2021-01-04T14:17:29.280000+00:00",
                "message": "(service pollster) has stopped 1 running tasks: (task e699df2785e444c7a883e9b9dd27bdfd)."
            },
            {
                "id": "fdd3cba7-ea3c-4f78-bd4e-82f7ba66bcb4",
                "createdAt": "2021-01-04T14:17:29.260000+00:00",
                "message": "(service pollster) deregistered 1 targets in (target-group arn:aws:elasticloadbalancing:eu-west-2:702193001748:targetgroup/POLLSTER-TG2/e08c971eae8d52e2)"
            },
            {
                "id": "0bfd4124-2cd7-423d-a6e5-3f9e338876c7",
                "createdAt": "2021-01-04T14:17:29.242000+00:00",
                "message": "(service pollster) (instance i-079fde9615085cb97) (port 44767) is unhealthy in (target-group arn:aws:elasticloadbalancing:eu-west-2:702193001748:targetgroup/POLLSTER-TG2/e08c971eae8d52e2) due to (reason Health checks failed with these codes: [302])"
            },
            {
                "id": "11afc082-1c8b-4939-9d04-2d4f9e1656fb",
                "createdAt": "2021-01-04T14:14:55.821000+00:00",
                "message": "(service pollster) registered 1 targets in (target-group arn:aws:elasticloadbalancing:eu-west-2:702193001748:targetgroup/POLLSTER-TG2/e08c971eae8d52e2)"
            },
            {
                "id": "8abc8a9e-0b29-4838-884b-5f85bbde7622",
                "createdAt": "2021-01-04T14:14:43.870000+00:00",
                "message": "(service pollster) has started 1 tasks: (task e699df2785e444c7a883e9b9dd27bdfd)."
            },
            {
                "id": "5d595234-d3d7-4de8-9aad-0e9af4b3653b",
                "createdAt": "2021-01-04T14:08:59.242000+00:00",
                "message": "(service pollster) has started 1 tasks: (task a351b32933c84bda9967c153e14c8eef)."
            },
            {
                "id": "b1fc2b47-a072-478a-91c9-c64f7443babd",
                "createdAt": "2021-01-04T14:08:49.682000+00:00",
                "message": "(service pollster) has stopped 1 running tasks: (task f295b6e5705444cc87b8bffa092eaf53)."
            },
            {
                "id": "5a8eb44f-7c90-4d1e-b4f5-46c1f37e93a5",
                "createdAt": "2021-01-04T14:08:49.660000+00:00",
                "message": "(service pollster) deregistered 1 targets in (target-group arn:aws:elasticloadbalancing:eu-west-2:702193001748:targetgroup/POLLSTER-TG2/e08c971eae8d52e2)"
            },
            {
                "id": "088fbba1-8e25-42e5-bbc6-855b67391669",
                "createdAt": "2021-01-04T14:08:49.641000+00:00",
                "message": "(service pollster) (instance i-079fde9615085cb97) (port 44766) is unhealthy in (target-group arn:aws:elasticloadbalancing:eu-west-2:702193001748:targetgroup/POLLSTER-TG2/e08c971eae8d52e2) due to (reason Health checks failed with these codes: [302])"
            },
            {
                "id": "645ab3e7-c8f8-4828-82fa-e5964660fef5",
                "createdAt": "2021-01-04T14:06:19.934000+00:00",
                "message": "(service pollster) registered 1 targets in (target-group arn:aws:elasticloadbalancing:eu-west-2:702193001748:targetgroup/POLLSTER-TG2/e08c971eae8d52e2)"
            },
            {
                "id": "afdbef56-3b8d-4db9-93af-ca889f103f6f",
                "createdAt": "2021-01-04T14:00:22.837000+00:00",
                "message": "(service pollster) has started 1 tasks: (task f295b6e5705444cc87b8bffa092eaf53)."
            },
            {
                "id": "7f7f5b61-2854-4dc1-a646-af73181ed063",
                "createdAt": "2021-01-04T14:00:13.396000+00:00",
                "message": "(service pollster) has stopped 1 running tasks: (task d77b8b4c1eff4b22a623a455aab57ab4)."
            },
            {
                "id": "20e5608c-4bcd-441b-8dce-640c304f880b",
                "createdAt": "2021-01-04T14:00:13.373000+00:00",
                "message": "(service pollster) deregistered 1 targets in (target-group arn:aws:elasticloadbalancing:eu-west-2:702193001748:targetgroup/POLLSTER-TG2/e08c971eae8d52e2)"
            },
            {
                "id": "7f4e082a-708b-4339-89a7-ddfe7a77df52",
                "createdAt": "2021-01-04T14:00:13.349000+00:00",
                "message": "(service pollster) (instance i-079fde9615085cb97) (port 44765) is unhealthy in (target-group arn:aws:elasticloadbalancing:eu-west-2:702193001748:targetgroup/POLLSTER-TG2/e08c971eae8d52e2) due to (reason Health checks failed with these codes: [302])"
            },
            {
                "id": "8d1ac192-a7b7-4671-bf93-5b17021baa07",
                "createdAt": "2021-01-04T13:57:47.557000+00:00",
                "message": "(service pollster) registered 1 targets in (target-group arn:aws:elasticloadbalancing:eu-west-2:702193001748:targetgroup/POLLSTER-TG2/e08c971eae8d52e2)"
            },
            {
                "id": "1b615b0e-dbae-493d-9627-2618d9ca2c31",
                "createdAt": "2021-01-04T13:51:51.609000+00:00",
                "message": "(service pollster) has started 1 tasks: (task d77b8b4c1eff4b22a623a455aab57ab4)."
            },
            {
                "id": "357776bf-4930-405a-8f69-8efe54a0312b",
                "createdAt": "2021-01-04T13:51:41.846000+00:00",
                "message": "(service pollster) has stopped 1 running tasks: (task cdf167425fc2419aa52dfb72a082c3bd)."
            },
            {
                "id": "9a8a13df-e193-4d8e-8b78-47fa4fd6e093",
                "createdAt": "2021-01-04T13:51:41.821000+00:00",
                "message": "(service pollster) deregistered 1 targets in (target-group arn:aws:elasticloadbalancing:eu-west-2:702193001748:targetgroup/POLLSTER-TG2/e08c971eae8d52e2)"
            },
            {
                "id": "bb530859-e885-4ab9-a37c-f557688a260b",
                "createdAt": "2021-01-04T13:51:41.797000+00:00",
                "message": "(service pollster) (instance i-079fde9615085cb97) (port 44764) is unhealthy in (target-group arn:aws:elasticloadbalancing:eu-west-2:702193001748:targetgroup/POLLSTER-TG2/e08c971eae8d52e2) due to (reason Health checks failed with these codes: [302])"
            },
            {
                "id": "c140786f-f9ca-488a-a312-ec1a33a2f953",
                "createdAt": "2021-01-04T13:49:14.511000+00:00",
                "message": "(service pollster) registered 1 targets in (target-group arn:aws:elasticloadbalancing:eu-west-2:702193001748:targetgroup/POLLSTER-TG2/e08c971eae8d52e2)"
            },
            {
                "id": "e2a38795-5801-4bf2-ae86-188d517874b8",
                "createdAt": "2021-01-04T13:43:20.642000+00:00",
                "message": "(service pollster) has started 1 tasks: (task cdf167425fc2419aa52dfb72a082c3bd)."
            },
            {
                "id": "cd9358f7-b5ee-4ead-9883-d7b31003e84b",
                "createdAt": "2021-01-04T13:43:10.527000+00:00",
                "message": "(service pollster) has stopped 1 running tasks: (task b2b8714121a84ddcbb8d22340bd925ef)."
            },
            {
                "id": "6753c036-19cd-4cb0-9f7c-9f862d2ff23f",
                "createdAt": "2021-01-04T13:43:10.507000+00:00",
                "message": "(service pollster) deregistered 1 targets in (target-group arn:aws:elasticloadbalancing:eu-west-2:702193001748:targetgroup/POLLSTER-TG2/e08c971eae8d52e2)"
            },
            {
                "id": "e703c37a-a81f-4c99-8778-69513981a5c2",
                "createdAt": "2021-01-04T13:43:10.476000+00:00",
                "message": "(service pollster) (instance i-079fde9615085cb97) (port 44763) is unhealthy in (target-group arn:aws:elasticloadbalancing:eu-west-2:702193001748:targetgroup/POLLSTER-TG2/e08c971eae8d52e2) due to (reason Health checks failed with these codes: [302])"
            },
            {
                "id": "9a4180eb-5711-4d29-935c-5171a4a2a63d",
                "createdAt": "2021-01-04T13:40:46.649000+00:00",
                "message": "(service pollster) registered 1 targets in (target-group arn:aws:elasticloadbalancing:eu-west-2:702193001748:targetgroup/POLLSTER-TG2/e08c971eae8d52e2)"
            },
            {
                "id": "4f1286d2-cdf6-4599-bcb6-248a34c32e7a",
                "createdAt": "2021-01-04T13:34:45.116000+00:00",
                "message": "(service pollster) has started 1 tasks: (task b2b8714121a84ddcbb8d22340bd925ef)."
            },
            {
                "id": "175ba0a9-95e2-4e0a-9a21-387e4556272b",
                "createdAt": "2021-01-04T13:34:36.086000+00:00",
                "message": "(service pollster) has stopped 1 running tasks: (task 97052d05916e405da5826f6957fededf)."
            },
            {
                "id": "c4ccb76f-7460-4916-94ce-16151ebb4100",
                "createdAt": "2021-01-04T13:34:36.066000+00:00",
                "message": "(service pollster) deregistered 1 targets in (target-group arn:aws:elasticloadbalancing:eu-west-2:702193001748:targetgroup/POLLSTER-TG2/e08c971eae8d52e2)"
            },
            {
                "id": "02b308bd-cb2d-4584-9943-27443bbc036f",
                "createdAt": "2021-01-04T13:34:36.043000+00:00",
                "message": "(service pollster) (instance i-079fde9615085cb97) (port 44762) is unhealthy in (target-group arn:aws:elasticloadbalancing:eu-west-2:702193001748:targetgroup/POLLSTER-TG2/e08c971eae8d52e2) due to (reason Health checks failed with these codes: [302])"
            },
            {
                "id": "609c9f90-c926-4403-b92e-f884102a299e",
                "createdAt": "2021-01-04T13:32:09.344000+00:00",
                "message": "(service pollster) registered 1 targets in (target-group arn:aws:elasticloadbalancing:eu-west-2:702193001748:targetgroup/POLLSTER-TG2/e08c971eae8d52e2)"
            },
            {
                "id": "16970d40-fa9a-4204-abad-0c3902b1883c",
                "createdAt": "2021-01-04T13:26:09.664000+00:00",
                "message": "(service pollster) has started 1 tasks: (task 97052d05916e405da5826f6957fededf)."
            },
            {
                "id": "4de1558f-985d-4446-a868-87007f22574a",
                "createdAt": "2021-01-04T13:25:59.762000+00:00",
                "message": "(service pollster) has stopped 1 running tasks: (task a351aef18c434398a015accdf9a467cd)."
            },
            {
                "id": "8e67b66f-ae08-4b26-83d5-068b1380d016",
                "createdAt": "2021-01-04T13:25:59.739000+00:00",
                "message": "(service pollster) deregistered 1 targets in (target-group arn:aws:elasticloadbalancing:eu-west-2:702193001748:targetgroup/POLLSTER-TG2/e08c971eae8d52e2)"
            },
            {
                "id": "ae4c1c7a-ddf3-4cbe-9031-50d6f9af61a7",
                "createdAt": "2021-01-04T13:25:59.722000+00:00",
                "message": "(service pollster) (instance i-079fde9615085cb97) (port 44761) is unhealthy in (target-group arn:aws:elasticloadbalancing:eu-west-2:702193001748:targetgroup/POLLSTER-TG2/e08c971eae8d52e2) due to (reason Health checks failed with these codes: [302])"
            },
            {
                "id": "606f3274-3a56-4946-8555-6bf086ee2026",
                "createdAt": "2021-01-04T13:23:27.177000+00:00",
                "message": "(service pollster) registered 1 targets in (target-group arn:aws:elasticloadbalancing:eu-west-2:702193001748:targetgroup/POLLSTER-TG2/e08c971eae8d52e2)"
            },
            {
                "id": "c31885cf-14ac-4a5c-9abf-674c61e1672e",
                "createdAt": "2021-01-04T13:17:34.865000+00:00",
                "message": "(service pollster) has started 1 tasks: (task a351aef18c434398a015accdf9a467cd)."
            },
            {
                "id": "20365abc-e9c3-4dc6-aa65-947770a3d50e",
                "createdAt": "2021-01-04T13:17:25.023000+00:00",
                "message": "(service pollster) has stopped 1 running tasks: (task 090db06547dd46629bca20cc32a8a3ed)."
            },
            {
                "id": "0589e60b-4592-4a5e-b8c1-b575548d91e5",
                "createdAt": "2021-01-04T13:17:25.004000+00:00",
                "message": "(service pollster) deregistered 1 targets in (target-group arn:aws:elasticloadbalancing:eu-west-2:702193001748:targetgroup/POLLSTER-TG2/e08c971eae8d52e2)"
            },
            {
                "id": "4f01b46f-a811-490e-91af-698be971d309",
                "createdAt": "2021-01-04T13:17:24.977000+00:00",
                "message": "(service pollster) (instance i-079fde9615085cb97) (port 44760) is unhealthy in (target-group arn:aws:elasticloadbalancing:eu-west-2:702193001748:targetgroup/POLLSTER-TG2/e08c971eae8d52e2) due to (reason Health checks failed with these codes: [302])"
            },
            {
                "id": "36a9b58c-3e18-4770-a01c-e2a37a31ac6b",
                "createdAt": "2021-01-04T13:15:01.706000+00:00",
                "message": "(service pollster) registered 1 targets in (target-group arn:aws:elasticloadbalancing:eu-west-2:702193001748:targetgroup/POLLSTER-TG2/e08c971eae8d52e2)"
            },
            {
                "id": "20e062de-a84c-4df5-99e6-557fa70b3032",
                "createdAt": "2021-01-04T13:09:02.147000+00:00",
                "message": "(service pollster) has started 1 tasks: (task 090db06547dd46629bca20cc32a8a3ed)."
            },
            {
                "id": "0a091144-2a5f-4e67-97eb-65fb728d8a24",
                "createdAt": "2021-01-04T13:08:52.345000+00:00",
                "message": "(service pollster) has stopped 1 running tasks: (task 877722d3cd1044ccaa4fd2ea082e1912)."
            },
            {
                "id": "c1b4a641-e6d0-4060-8a0c-db92181519d0",
                "createdAt": "2021-01-04T13:08:52.325000+00:00",
                "message": "(service pollster) deregistered 1 targets in (target-group arn:aws:elasticloadbalancing:eu-west-2:702193001748:targetgroup/POLLSTER-TG2/e08c971eae8d52e2)"
            },
            {
                "id": "7c412d45-6c50-43d3-bf49-f41c78639041",
                "createdAt": "2021-01-04T13:08:52.300000+00:00",
                "message": "(service pollster) (instance i-079fde9615085cb97) (port 44759) is unhealthy in (target-group arn:aws:elasticloadbalancing:eu-west-2:702193001748:targetgroup/POLLSTER-TG2/e08c971eae8d52e2) due to (reason Health checks failed with these codes: [302])"
            },
            {
                "id": "10bcc31d-30e3-46d5-abfc-a286cea8f367",
                "createdAt": "2021-01-04T13:06:22.762000+00:00",
                "message": "(service pollster) registered 1 targets in (target-group arn:aws:elasticloadbalancing:eu-west-2:702193001748:targetgroup/POLLSTER-TG2/e08c971eae8d52e2)"
            },
            {
                "id": "91eabf60-3905-4f32-9027-10a42e61abec",
                "createdAt": "2021-01-04T13:00:21.544000+00:00",
                "message": "(service pollster) has started 1 tasks: (task 877722d3cd1044ccaa4fd2ea082e1912)."
            },
            {
                "id": "68012bd3-cde0-4f0e-9c8f-8b9373334f11",
                "createdAt": "2021-01-04T13:00:11.818000+00:00",
                "message": "(service pollster) has stopped 1 running tasks: (task df88dd50aa834baf95ce0d53249b451a)."
            },
            {
                "id": "6ba76673-3ac4-42da-992a-89f7c8fdf64f",
                "createdAt": "2021-01-04T13:00:11.799000+00:00",
                "message": "(service pollster) deregistered 1 targets in (target-group arn:aws:elasticloadbalancing:eu-west-2:702193001748:targetgroup/POLLSTER-TG2/e08c971eae8d52e2)"
            },
            {
                "id": "3c0ee809-a269-42cd-9bdd-d0d244d7eb85",
                "createdAt": "2021-01-04T13:00:11.776000+00:00",
                "message": "(service pollster) (instance i-079fde9615085cb97) (port 44758) is unhealthy in (target-group arn:aws:elasticloadbalancing:eu-west-2:702193001748:targetgroup/POLLSTER-TG2/e08c971eae8d52e2) due to (reason Health checks failed with these codes: [302])"
            },
            {
                "id": "a9ac3848-c96b-4cd4-8a87-e74c77c85c83",
                "createdAt": "2021-01-04T12:57:42.080000+00:00",
                "message": "(service pollster) registered 1 targets in (target-group arn:aws:elasticloadbalancing:eu-west-2:702193001748:targetgroup/POLLSTER-TG2/e08c971eae8d52e2)"
            },
            {
                "id": "c3b42d4d-c25f-4aff-a0fc-d3010f8dabd4",
                "createdAt": "2021-01-04T12:51:48.484000+00:00",
                "message": "(service pollster) has started 1 tasks: (task df88dd50aa834baf95ce0d53249b451a)."
            },
            {
                "id": "1e864fd6-f974-4084-b9ed-9015d0c8eae8",
                "createdAt": "2021-01-04T12:51:39.057000+00:00",
                "message": "(service pollster) has stopped 1 running tasks: (task b6230dcad93340dab5c01f074b4206ea)."
            },
            {
                "id": "0a201e87-01f8-42f7-997a-b5ed4e5ad553",
                "createdAt": "2021-01-04T12:51:39.031000+00:00",
                "message": "(service pollster) deregistered 1 targets in (target-group arn:aws:elasticloadbalancing:eu-west-2:702193001748:targetgroup/POLLSTER-TG2/e08c971eae8d52e2)"
            },
            {
                "id": "06cc7a0c-df3b-4366-8c06-c6497ccbc4f0",
                "createdAt": "2021-01-04T12:51:39.009000+00:00",
                "message": "(service pollster) (instance i-079fde9615085cb97) (port 44757) is unhealthy in (target-group arn:aws:elasticloadbalancing:eu-west-2:702193001748:targetgroup/POLLSTER-TG2/e08c971eae8d52e2) due to (reason Health checks failed with these codes: [302])"
            },
            {
                "id": "5914d95a-e0f8-4925-9391-6b27f97f02c2",
                "createdAt": "2021-01-04T12:49:09.722000+00:00",
                "message": "(service pollster) registered 1 targets in (target-group arn:aws:elasticloadbalancing:eu-west-2:702193001748:targetgroup/POLLSTER-TG2/e08c971eae8d52e2)"
            },
            {
                "id": "69802c93-3bc2-49a6-bfc4-73dc51df51e6",
                "createdAt": "2021-01-04T12:43:12.991000+00:00",
                "message": "(service pollster) has started 1 tasks: (task b6230dcad93340dab5c01f074b4206ea)."
            },
            {
                "id": "ef9909a0-4e78-4091-b05e-f0a5452e12e7",
                "createdAt": "2021-01-04T12:43:03.618000+00:00",
                "message": "(service pollster) has stopped 1 running tasks: (task 02b531c9fe8a44d0b6db87fec0123cb4)."
            },
            {
                "id": "87c1f042-99a8-473f-8327-24a8bd74d45a",
                "createdAt": "2021-01-04T12:43:03.592000+00:00",
                "message": "(service pollster) deregistered 1 targets in (target-group arn:aws:elasticloadbalancing:eu-west-2:702193001748:targetgroup/POLLSTER-TG2/e08c971eae8d52e2)"
            },
            {
                "id": "b2eb23d3-b0b2-4b14-b3a6-55dee4768610",
                "createdAt": "2021-01-04T12:43:03.575000+00:00",
                "message": "(service pollster) (instance i-079fde9615085cb97) (port 44756) is unhealthy in (target-group arn:aws:elasticloadbalancing:eu-west-2:702193001748:targetgroup/POLLSTER-TG2/e08c971eae8d52e2) due to (reason Health checks failed with these codes: [302])"
            },
            {
                "id": "0e12ad38-19cb-4bb0-b1eb-6da4a531bb6e",
                "createdAt": "2021-01-04T12:40:40.116000+00:00",
                "message": "(service pollster) registered 1 targets in (target-group arn:aws:elasticloadbalancing:eu-west-2:702193001748:targetgroup/POLLSTER-TG2/e08c971eae8d52e2)"
            },
            {
                "id": "cb8661b7-755c-4cd4-a936-9da7c88bdb0c",
                "createdAt": "2021-01-04T12:34:39.364000+00:00",
                "message": "(service pollster) has started 1 tasks: (task 02b531c9fe8a44d0b6db87fec0123cb4)."
            },
            {
                "id": "f45f300a-9d35-4b90-b1ce-43f485d58cc6",
                "createdAt": "2021-01-04T12:34:30.024000+00:00",
                "message": "(service pollster) has stopped 1 running tasks: (task 9048e50d32964370aa11ae224603501a)."
            },
            {
                "id": "a4074928-7314-4f3b-a1c8-1a6777748db5",
                "createdAt": "2021-01-04T12:34:30.003000+00:00",
                "message": "(service pollster) deregistered 1 targets in (target-group arn:aws:elasticloadbalancing:eu-west-2:702193001748:targetgroup/POLLSTER-TG2/e08c971eae8d52e2)"
            },
            {
                "id": "25fb0d95-8452-41b8-a0d9-5a7f2ec9facf",
                "createdAt": "2021-01-04T12:34:29.980000+00:00",
                "message": "(service pollster) (instance i-079fde9615085cb97) (port 44755) is unhealthy in (target-group arn:aws:elasticloadbalancing:eu-west-2:702193001748:targetgroup/POLLSTER-TG2/e08c971eae8d52e2) due to (reason Health checks failed with these codes: [302])"
            },
            {
                "id": "ef22ea8f-669a-49d9-8e12-7c8d304a57b6",
                "createdAt": "2021-01-04T12:32:00.293000+00:00",
                "message": "(service pollster) registered 1 targets in (target-group arn:aws:elasticloadbalancing:eu-west-2:702193001748:targetgroup/POLLSTER-TG2/e08c971eae8d52e2)"
            },
            {
                "id": "5ade8578-58f5-439d-8a48-41cad459f7b7",
                "createdAt": "2021-01-04T12:26:06.643000+00:00",
                "message": "(service pollster) has started 1 tasks: (task 9048e50d32964370aa11ae224603501a)."
            },
            {
                "id": "77b74d72-1c3a-460e-99fc-818b60e194de",
                "createdAt": "2021-01-04T12:25:54.402000+00:00",
                "message": "(service pollster) has stopped 1 running tasks: (task 4d3f3bca097e43258ed5f60eb20bae6a)."
            },
            {
                "id": "dfbc932b-1012-4da1-87ed-5812d296e5c8",
                "createdAt": "2021-01-04T12:25:54.379000+00:00",
                "message": "(service pollster) deregistered 1 targets in (target-group arn:aws:elasticloadbalancing:eu-west-2:702193001748:targetgroup/POLLSTER-TG2/e08c971eae8d52e2)"
            },
            {
                "id": "8bc47491-f83d-425c-8cc2-99cd87392447",
                "createdAt": "2021-01-04T12:25:54.358000+00:00",
                "message": "(service pollster) (instance i-079fde9615085cb97) (port 44754) is unhealthy in (target-group arn:aws:elasticloadbalancing:eu-west-2:702193001748:targetgroup/POLLSTER-TG2/e08c971eae8d52e2) due to (reason Health checks failed with these codes: [302])"
            },
            {
                "id": "a1b38aa6-f02e-4b7d-92a5-f9570615ccb3",
                "createdAt": "2021-01-04T12:23:27.170000+00:00",
                "message": "(service pollster) registered 1 targets in (target-group arn:aws:elasticloadbalancing:eu-west-2:702193001748:targetgroup/POLLSTER-TG2/e08c971eae8d52e2)"
            },
            {
                "id": "c13cad53-79e3-4288-8b23-11cc6c9b4194",
                "createdAt": "2021-01-04T12:23:17.435000+00:00",
                "message": "(service pollster) has started 1 tasks: (task 4d3f3bca097e43258ed5f60eb20bae6a)."
            }
        ],
        "createdAt": "2021-01-04T12:23:14.830000+00:00",
        "placementConstraints": [
            {
                "type": "distinctInstance"
            }
        ],
        "placementStrategy": [],
        "healthCheckGracePeriodSeconds": 0,
        "schedulingStrategy": "REPLICA",
        "createdBy": "arn:aws:iam::702193001748:root",
        "enableECSManagedTags": true,
        "propagateTags": "NONE"
    }
}
